2022-01-06 17:50:52,333 INFO 34312 [egg-schedule]: register schedule /Users/apple/workspace/everylink/vmchain-watcher/node_modules/egg-multipart/app/schedule/clean_tmpdir.js
2022-01-06 17:50:52,333 INFO 34312 [egg-schedule]: register schedule /Users/apple/workspace/everylink/vmchain-watcher/node_modules/egg-logrotator/app/schedule/clean_log.js
2022-01-06 17:50:52,333 INFO 34312 [egg-schedule]: register schedule /Users/apple/workspace/everylink/vmchain-watcher/node_modules/egg-logrotator/app/schedule/rotate_by_file.js
2022-01-06 17:50:53,356 INFO 34307 [Timer] /Users/apple/workspace/everylink/vmchain-watcher/node_modules/egg-multipart/app/schedule/clean_tmpdir.js next time will execute after 38346648ms at 2022-01-07 04:30:00.004
2022-01-06 17:50:53,356 INFO 34307 [Timer] /Users/apple/workspace/everylink/vmchain-watcher/node_modules/egg-logrotator/app/schedule/clean_log.js next time will execute after 22146644ms at 2022-01-07 00:00:00.000
2022-01-06 17:50:53,357 INFO 34307 [Timer] /Users/apple/workspace/everylink/vmchain-watcher/node_modules/egg-logrotator/app/schedule/rotate_by_file.js next time will execute after 22147644ms at 2022-01-07 00:00:01.001
2022-01-06 17:51:50,500 INFO 34755 [egg-schedule]: register schedule /Users/apple/workspace/everylink/vmchain-watcher/node_modules/egg-multipart/app/schedule/clean_tmpdir.js
2022-01-06 17:51:50,501 INFO 34755 [egg-schedule]: register schedule /Users/apple/workspace/everylink/vmchain-watcher/node_modules/egg-logrotator/app/schedule/clean_log.js
2022-01-06 17:51:50,501 INFO 34755 [egg-schedule]: register schedule /Users/apple/workspace/everylink/vmchain-watcher/node_modules/egg-logrotator/app/schedule/rotate_by_file.js
2022-01-06 17:53:45,848 INFO 35513 [egg-schedule]: register schedule /Users/apple/workspace/everylink/vmchain-watcher/node_modules/egg-multipart/app/schedule/clean_tmpdir.js
2022-01-06 17:53:45,848 INFO 35513 [egg-schedule]: register schedule /Users/apple/workspace/everylink/vmchain-watcher/node_modules/egg-logrotator/app/schedule/clean_log.js
2022-01-06 17:53:45,849 INFO 35513 [egg-schedule]: register schedule /Users/apple/workspace/everylink/vmchain-watcher/node_modules/egg-logrotator/app/schedule/rotate_by_file.js
2022-01-06 17:53:46,773 INFO 35512 [Timer] /Users/apple/workspace/everylink/vmchain-watcher/node_modules/egg-multipart/app/schedule/clean_tmpdir.js next time will execute after 38173231ms at 2022-01-07 04:30:00.004
2022-01-06 17:53:46,773 INFO 35512 [Timer] /Users/apple/workspace/everylink/vmchain-watcher/node_modules/egg-logrotator/app/schedule/clean_log.js next time will execute after 21973227ms at 2022-01-07 00:00:00.000
2022-01-06 17:53:46,774 INFO 35512 [Timer] /Users/apple/workspace/everylink/vmchain-watcher/node_modules/egg-logrotator/app/schedule/rotate_by_file.js next time will execute after 21974227ms at 2022-01-07 00:00:01.001
2022-01-06 17:54:59,214 INFO 35863 [egg-schedule]: register schedule /Users/apple/workspace/everylink/vmchain-watcher/node_modules/egg-multipart/app/schedule/clean_tmpdir.js
2022-01-06 17:54:59,214 INFO 35863 [egg-schedule]: register schedule /Users/apple/workspace/everylink/vmchain-watcher/node_modules/egg-logrotator/app/schedule/clean_log.js
2022-01-06 17:54:59,214 INFO 35863 [egg-schedule]: register schedule /Users/apple/workspace/everylink/vmchain-watcher/node_modules/egg-logrotator/app/schedule/rotate_by_file.js
2022-01-06 17:55:18,036 INFO 35972 [egg-schedule]: register schedule /Users/apple/workspace/everylink/vmchain-watcher/node_modules/egg-multipart/app/schedule/clean_tmpdir.js
2022-01-06 17:55:18,036 INFO 35972 [egg-schedule]: register schedule /Users/apple/workspace/everylink/vmchain-watcher/node_modules/egg-logrotator/app/schedule/clean_log.js
2022-01-06 17:55:18,036 INFO 35972 [egg-schedule]: register schedule /Users/apple/workspace/everylink/vmchain-watcher/node_modules/egg-logrotator/app/schedule/rotate_by_file.js
2022-01-06 17:56:33,090 INFO 36180 [egg-schedule]: register schedule /Users/apple/workspace/everylink/vmchain-watcher/node_modules/egg-multipart/app/schedule/clean_tmpdir.js
2022-01-06 17:56:33,090 INFO 36180 [egg-schedule]: register schedule /Users/apple/workspace/everylink/vmchain-watcher/node_modules/egg-logrotator/app/schedule/clean_log.js
2022-01-06 17:56:33,090 INFO 36180 [egg-schedule]: register schedule /Users/apple/workspace/everylink/vmchain-watcher/node_modules/egg-logrotator/app/schedule/rotate_by_file.js
2022-01-06 17:56:38,203 INFO 36186 [egg-schedule]: register schedule /Users/apple/workspace/everylink/vmchain-watcher/node_modules/egg-multipart/app/schedule/clean_tmpdir.js
2022-01-06 17:56:38,203 INFO 36186 [egg-schedule]: register schedule /Users/apple/workspace/everylink/vmchain-watcher/node_modules/egg-logrotator/app/schedule/clean_log.js
2022-01-06 17:56:38,203 INFO 36186 [egg-schedule]: register schedule /Users/apple/workspace/everylink/vmchain-watcher/node_modules/egg-logrotator/app/schedule/rotate_by_file.js
2022-01-06 17:57:06,161 INFO 36283 [egg-schedule]: register schedule /Users/apple/workspace/everylink/vmchain-watcher/node_modules/egg-multipart/app/schedule/clean_tmpdir.js
2022-01-06 17:57:06,161 INFO 36283 [egg-schedule]: register schedule /Users/apple/workspace/everylink/vmchain-watcher/node_modules/egg-logrotator/app/schedule/clean_log.js
2022-01-06 17:57:06,161 INFO 36283 [egg-schedule]: register schedule /Users/apple/workspace/everylink/vmchain-watcher/node_modules/egg-logrotator/app/schedule/rotate_by_file.js
2022-01-06 17:58:46,654 INFO 37201 [egg-schedule]: register schedule /Users/apple/workspace/everylink/vmchain-watcher/node_modules/egg-multipart/app/schedule/clean_tmpdir.js
2022-01-06 17:58:46,654 INFO 37201 [egg-schedule]: register schedule /Users/apple/workspace/everylink/vmchain-watcher/node_modules/egg-logrotator/app/schedule/clean_log.js
2022-01-06 17:58:46,654 INFO 37201 [egg-schedule]: register schedule /Users/apple/workspace/everylink/vmchain-watcher/node_modules/egg-logrotator/app/schedule/rotate_by_file.js
2022-01-06 18:03:25,418 INFO 37257 [egg-schedule]: register schedule /Users/apple/workspace/everylink/vmchain-watcher/node_modules/egg-multipart/app/schedule/clean_tmpdir.js
2022-01-06 18:03:25,418 INFO 37257 [egg-schedule]: register schedule /Users/apple/workspace/everylink/vmchain-watcher/node_modules/egg-logrotator/app/schedule/clean_log.js
2022-01-06 18:03:25,418 INFO 37257 [egg-schedule]: register schedule /Users/apple/workspace/everylink/vmchain-watcher/node_modules/egg-logrotator/app/schedule/rotate_by_file.js
2022-01-06 18:04:16,756 INFO 37275 [egg-schedule]: register schedule /Users/apple/workspace/everylink/vmchain-watcher/node_modules/egg-multipart/app/schedule/clean_tmpdir.js
2022-01-06 18:04:16,756 INFO 37275 [egg-schedule]: register schedule /Users/apple/workspace/everylink/vmchain-watcher/node_modules/egg-logrotator/app/schedule/clean_log.js
2022-01-06 18:04:16,756 INFO 37275 [egg-schedule]: register schedule /Users/apple/workspace/everylink/vmchain-watcher/node_modules/egg-logrotator/app/schedule/rotate_by_file.js
2022-01-06 18:10:37,611 INFO 37384 [egg-schedule]: register schedule /Users/apple/workspace/everylink/vmchain-watcher/node_modules/egg-multipart/app/schedule/clean_tmpdir.js
2022-01-06 18:10:37,611 INFO 37384 [egg-schedule]: register schedule /Users/apple/workspace/everylink/vmchain-watcher/node_modules/egg-logrotator/app/schedule/clean_log.js
2022-01-06 18:10:37,611 INFO 37384 [egg-schedule]: register schedule /Users/apple/workspace/everylink/vmchain-watcher/node_modules/egg-logrotator/app/schedule/rotate_by_file.js
2022-01-06 18:13:01,929 INFO 37414 [egg-schedule]: register schedule /Users/apple/workspace/everylink/vmchain-watcher/node_modules/egg-multipart/app/schedule/clean_tmpdir.js
2022-01-06 18:13:01,929 INFO 37414 [egg-schedule]: register schedule /Users/apple/workspace/everylink/vmchain-watcher/node_modules/egg-logrotator/app/schedule/clean_log.js
2022-01-06 18:13:01,929 INFO 37414 [egg-schedule]: register schedule /Users/apple/workspace/everylink/vmchain-watcher/node_modules/egg-logrotator/app/schedule/rotate_by_file.js
2022-01-06 18:16:53,003 INFO 37466 [egg-schedule]: register schedule /Users/apple/workspace/everylink/vmchain-watcher/node_modules/egg-multipart/app/schedule/clean_tmpdir.js
2022-01-06 18:16:53,003 INFO 37466 [egg-schedule]: register schedule /Users/apple/workspace/everylink/vmchain-watcher/node_modules/egg-logrotator/app/schedule/clean_log.js
2022-01-06 18:16:53,003 INFO 37466 [egg-schedule]: register schedule /Users/apple/workspace/everylink/vmchain-watcher/node_modules/egg-logrotator/app/schedule/rotate_by_file.js
2022-01-06 18:17:45,231 INFO 37488 [egg-schedule]: register schedule /Users/apple/workspace/everylink/vmchain-watcher/node_modules/egg-multipart/app/schedule/clean_tmpdir.js
2022-01-06 18:17:45,231 INFO 37488 [egg-schedule]: register schedule /Users/apple/workspace/everylink/vmchain-watcher/node_modules/egg-logrotator/app/schedule/clean_log.js
2022-01-06 18:17:45,231 INFO 37488 [egg-schedule]: register schedule /Users/apple/workspace/everylink/vmchain-watcher/node_modules/egg-logrotator/app/schedule/rotate_by_file.js
2022-01-06 18:19:34,847 INFO 37522 [egg-schedule]: register schedule /Users/apple/workspace/everylink/vmchain-watcher/node_modules/egg-multipart/app/schedule/clean_tmpdir.js
2022-01-06 18:19:34,847 INFO 37522 [egg-schedule]: register schedule /Users/apple/workspace/everylink/vmchain-watcher/node_modules/egg-logrotator/app/schedule/clean_log.js
2022-01-06 18:19:34,847 INFO 37522 [egg-schedule]: register schedule /Users/apple/workspace/everylink/vmchain-watcher/node_modules/egg-logrotator/app/schedule/rotate_by_file.js
2022-01-06 18:20:12,731 INFO 37534 [egg-schedule]: register schedule /Users/apple/workspace/everylink/vmchain-watcher/node_modules/egg-multipart/app/schedule/clean_tmpdir.js
2022-01-06 18:20:12,731 INFO 37534 [egg-schedule]: register schedule /Users/apple/workspace/everylink/vmchain-watcher/node_modules/egg-logrotator/app/schedule/clean_log.js
2022-01-06 18:20:12,731 INFO 37534 [egg-schedule]: register schedule /Users/apple/workspace/everylink/vmchain-watcher/node_modules/egg-logrotator/app/schedule/rotate_by_file.js
2022-01-06 18:21:21,643 INFO 37561 [egg-schedule]: register schedule /Users/apple/workspace/everylink/vmchain-watcher/node_modules/egg-multipart/app/schedule/clean_tmpdir.js
2022-01-06 18:21:21,643 INFO 37561 [egg-schedule]: register schedule /Users/apple/workspace/everylink/vmchain-watcher/node_modules/egg-logrotator/app/schedule/clean_log.js
2022-01-06 18:21:21,643 INFO 37561 [egg-schedule]: register schedule /Users/apple/workspace/everylink/vmchain-watcher/node_modules/egg-logrotator/app/schedule/rotate_by_file.js
2022-01-06 18:23:04,661 INFO 37625 [egg-schedule]: register schedule /Users/apple/workspace/everylink/vmchain-watcher/node_modules/egg-multipart/app/schedule/clean_tmpdir.js
2022-01-06 18:23:04,661 INFO 37625 [egg-schedule]: register schedule /Users/apple/workspace/everylink/vmchain-watcher/node_modules/egg-logrotator/app/schedule/clean_log.js
2022-01-06 18:23:04,661 INFO 37625 [egg-schedule]: register schedule /Users/apple/workspace/everylink/vmchain-watcher/node_modules/egg-logrotator/app/schedule/rotate_by_file.js
2022-01-06 18:31:38,404 INFO 37742 [egg-schedule]: register schedule /Users/apple/workspace/everylink/vmchain-watcher/node_modules/egg-multipart/app/schedule/clean_tmpdir.js
2022-01-06 18:31:38,404 INFO 37742 [egg-schedule]: register schedule /Users/apple/workspace/everylink/vmchain-watcher/node_modules/egg-logrotator/app/schedule/clean_log.js
2022-01-06 18:31:38,404 INFO 37742 [egg-schedule]: register schedule /Users/apple/workspace/everylink/vmchain-watcher/node_modules/egg-logrotator/app/schedule/rotate_by_file.js
2022-01-06 18:39:40,346 INFO 37841 [egg-schedule]: register schedule /Users/apple/workspace/everylink/vmchain-watcher/node_modules/egg-multipart/app/schedule/clean_tmpdir.js
2022-01-06 18:39:40,347 INFO 37841 [egg-schedule]: register schedule /Users/apple/workspace/everylink/vmchain-watcher/node_modules/egg-logrotator/app/schedule/clean_log.js
2022-01-06 18:39:40,347 INFO 37841 [egg-schedule]: register schedule /Users/apple/workspace/everylink/vmchain-watcher/node_modules/egg-logrotator/app/schedule/rotate_by_file.js
2022-01-06 18:42:46,869 INFO 37889 [egg-schedule]: register schedule /Users/apple/workspace/everylink/vmchain-watcher/node_modules/egg-multipart/app/schedule/clean_tmpdir.js
2022-01-06 18:42:46,869 INFO 37889 [egg-schedule]: register schedule /Users/apple/workspace/everylink/vmchain-watcher/node_modules/egg-logrotator/app/schedule/clean_log.js
2022-01-06 18:42:46,870 INFO 37889 [egg-schedule]: register schedule /Users/apple/workspace/everylink/vmchain-watcher/node_modules/egg-logrotator/app/schedule/rotate_by_file.js
2022-01-06 18:45:30,634 INFO 37914 [egg-schedule]: register schedule /Users/apple/workspace/everylink/vmchain-watcher/node_modules/egg-multipart/app/schedule/clean_tmpdir.js
2022-01-06 18:45:30,634 INFO 37914 [egg-schedule]: register schedule /Users/apple/workspace/everylink/vmchain-watcher/node_modules/egg-logrotator/app/schedule/clean_log.js
2022-01-06 18:45:30,635 INFO 37914 [egg-schedule]: register schedule /Users/apple/workspace/everylink/vmchain-watcher/node_modules/egg-logrotator/app/schedule/rotate_by_file.js
2022-01-06 18:46:47,331 INFO 37940 [egg-schedule]: register schedule /Users/apple/workspace/everylink/vmchain-watcher/node_modules/egg-multipart/app/schedule/clean_tmpdir.js
2022-01-06 18:46:47,331 INFO 37940 [egg-schedule]: register schedule /Users/apple/workspace/everylink/vmchain-watcher/node_modules/egg-logrotator/app/schedule/clean_log.js
2022-01-06 18:46:47,331 INFO 37940 [egg-schedule]: register schedule /Users/apple/workspace/everylink/vmchain-watcher/node_modules/egg-logrotator/app/schedule/rotate_by_file.js
2022-01-06 18:47:47,651 INFO 37970 [egg-schedule]: register schedule /Users/apple/workspace/everylink/vmchain-watcher/node_modules/egg-multipart/app/schedule/clean_tmpdir.js
2022-01-06 18:47:47,651 INFO 37970 [egg-schedule]: register schedule /Users/apple/workspace/everylink/vmchain-watcher/node_modules/egg-logrotator/app/schedule/clean_log.js
2022-01-06 18:47:47,651 INFO 37970 [egg-schedule]: register schedule /Users/apple/workspace/everylink/vmchain-watcher/node_modules/egg-logrotator/app/schedule/rotate_by_file.js
2022-01-06 18:59:21,790 INFO 38134 [egg-schedule]: register schedule /Users/apple/workspace/everylink/vmchain-watcher/node_modules/egg-multipart/app/schedule/clean_tmpdir.js
2022-01-06 18:59:21,790 INFO 38134 [egg-schedule]: register schedule /Users/apple/workspace/everylink/vmchain-watcher/node_modules/egg-logrotator/app/schedule/clean_log.js
2022-01-06 18:59:21,790 INFO 38134 [egg-schedule]: register schedule /Users/apple/workspace/everylink/vmchain-watcher/node_modules/egg-logrotator/app/schedule/rotate_by_file.js
2022-01-06 19:01:08,986 INFO 38177 [egg-schedule]: register schedule /Users/apple/workspace/everylink/vmchain-watcher/node_modules/egg-multipart/app/schedule/clean_tmpdir.js
2022-01-06 19:01:08,986 INFO 38177 [egg-schedule]: register schedule /Users/apple/workspace/everylink/vmchain-watcher/node_modules/egg-logrotator/app/schedule/clean_log.js
2022-01-06 19:01:08,986 INFO 38177 [egg-schedule]: register schedule /Users/apple/workspace/everylink/vmchain-watcher/node_modules/egg-logrotator/app/schedule/rotate_by_file.js
2022-01-06 19:01:49,530 INFO 38214 [egg-schedule]: register schedule /Users/apple/workspace/everylink/vmchain-watcher/node_modules/egg-multipart/app/schedule/clean_tmpdir.js
2022-01-06 19:01:49,530 INFO 38214 [egg-schedule]: register schedule /Users/apple/workspace/everylink/vmchain-watcher/node_modules/egg-logrotator/app/schedule/clean_log.js
2022-01-06 19:01:49,530 INFO 38214 [egg-schedule]: register schedule /Users/apple/workspace/everylink/vmchain-watcher/node_modules/egg-logrotator/app/schedule/rotate_by_file.js
2022-01-06 19:04:01,671 INFO 38242 [egg-schedule]: register schedule /Users/apple/workspace/everylink/vmchain-watcher/node_modules/egg-multipart/app/schedule/clean_tmpdir.js
2022-01-06 19:04:01,671 INFO 38242 [egg-schedule]: register schedule /Users/apple/workspace/everylink/vmchain-watcher/node_modules/egg-logrotator/app/schedule/clean_log.js
2022-01-06 19:04:01,671 INFO 38242 [egg-schedule]: register schedule /Users/apple/workspace/everylink/vmchain-watcher/node_modules/egg-logrotator/app/schedule/rotate_by_file.js
2022-01-06 19:04:51,732 INFO 38256 [egg-schedule]: register schedule /Users/apple/workspace/everylink/vmchain-watcher/node_modules/egg-multipart/app/schedule/clean_tmpdir.js
2022-01-06 19:04:51,732 INFO 38256 [egg-schedule]: register schedule /Users/apple/workspace/everylink/vmchain-watcher/node_modules/egg-logrotator/app/schedule/clean_log.js
2022-01-06 19:04:51,732 INFO 38256 [egg-schedule]: register schedule /Users/apple/workspace/everylink/vmchain-watcher/node_modules/egg-logrotator/app/schedule/rotate_by_file.js
2022-01-06 19:10:47,957 INFO 38304 [egg-schedule]: register schedule /Users/apple/workspace/everylink/vmchain-watcher/node_modules/egg-multipart/app/schedule/clean_tmpdir.js
2022-01-06 19:10:47,957 INFO 38304 [egg-schedule]: register schedule /Users/apple/workspace/everylink/vmchain-watcher/node_modules/egg-logrotator/app/schedule/clean_log.js
2022-01-06 19:10:47,957 INFO 38304 [egg-schedule]: register schedule /Users/apple/workspace/everylink/vmchain-watcher/node_modules/egg-logrotator/app/schedule/rotate_by_file.js
2022-01-06 19:12:42,864 INFO 38353 [egg-schedule]: register schedule /Users/apple/workspace/everylink/vmchain-watcher/node_modules/egg-multipart/app/schedule/clean_tmpdir.js
2022-01-06 19:12:42,864 INFO 38353 [egg-schedule]: register schedule /Users/apple/workspace/everylink/vmchain-watcher/node_modules/egg-logrotator/app/schedule/clean_log.js
2022-01-06 19:12:42,864 INFO 38353 [egg-schedule]: register schedule /Users/apple/workspace/everylink/vmchain-watcher/node_modules/egg-logrotator/app/schedule/rotate_by_file.js
2022-01-06 19:13:50,248 INFO 38381 [egg-schedule]: register schedule /Users/apple/workspace/everylink/vmchain-watcher/node_modules/egg-multipart/app/schedule/clean_tmpdir.js
2022-01-06 19:13:50,248 INFO 38381 [egg-schedule]: register schedule /Users/apple/workspace/everylink/vmchain-watcher/node_modules/egg-logrotator/app/schedule/clean_log.js
2022-01-06 19:13:50,248 INFO 38381 [egg-schedule]: register schedule /Users/apple/workspace/everylink/vmchain-watcher/node_modules/egg-logrotator/app/schedule/rotate_by_file.js
2022-01-06 19:14:36,222 INFO 38401 [egg-schedule]: register schedule /Users/apple/workspace/everylink/vmchain-watcher/node_modules/egg-multipart/app/schedule/clean_tmpdir.js
2022-01-06 19:14:36,222 INFO 38401 [egg-schedule]: register schedule /Users/apple/workspace/everylink/vmchain-watcher/node_modules/egg-logrotator/app/schedule/clean_log.js
2022-01-06 19:14:36,222 INFO 38401 [egg-schedule]: register schedule /Users/apple/workspace/everylink/vmchain-watcher/node_modules/egg-logrotator/app/schedule/rotate_by_file.js
2022-01-06 22:50:30,078 INFO 41189 [egg-schedule]: register schedule /Users/apple/workspace/everylink/vmchain-watcher/node_modules/egg-multipart/app/schedule/clean_tmpdir.js
2022-01-06 22:50:30,079 INFO 41189 [egg-schedule]: register schedule /Users/apple/workspace/everylink/vmchain-watcher/node_modules/egg-logrotator/app/schedule/clean_log.js
2022-01-06 22:50:30,080 INFO 41189 [egg-schedule]: register schedule /Users/apple/workspace/everylink/vmchain-watcher/node_modules/egg-logrotator/app/schedule/rotate_by_file.js
2022-01-06 22:51:40,650 INFO 41289 [egg-schedule]: register schedule /Users/apple/workspace/everylink/vmchain-watcher/node_modules/egg-multipart/app/schedule/clean_tmpdir.js
2022-01-06 22:51:40,650 INFO 41289 [egg-schedule]: register schedule /Users/apple/workspace/everylink/vmchain-watcher/node_modules/egg-logrotator/app/schedule/clean_log.js
2022-01-06 22:51:40,650 INFO 41289 [egg-schedule]: register schedule /Users/apple/workspace/everylink/vmchain-watcher/node_modules/egg-logrotator/app/schedule/rotate_by_file.js
2022-01-06 22:53:03,402 INFO 41605 [egg-schedule]: register schedule /Users/apple/workspace/everylink/vmchain-watcher/node_modules/egg-multipart/app/schedule/clean_tmpdir.js
2022-01-06 22:53:03,402 INFO 41605 [egg-schedule]: register schedule /Users/apple/workspace/everylink/vmchain-watcher/node_modules/egg-logrotator/app/schedule/clean_log.js
2022-01-06 22:53:03,402 INFO 41605 [egg-schedule]: register schedule /Users/apple/workspace/everylink/vmchain-watcher/node_modules/egg-logrotator/app/schedule/rotate_by_file.js
2022-01-06 22:53:04,270 INFO 41602 [Timer] /Users/apple/workspace/everylink/vmchain-watcher/node_modules/egg-multipart/app/schedule/clean_tmpdir.js next time will execute after 20215733ms at 2022-01-07 04:30:00.003
2022-01-06 22:53:04,271 INFO 41602 [Timer] /Users/apple/workspace/everylink/vmchain-watcher/node_modules/egg-logrotator/app/schedule/clean_log.js next time will execute after 4015729ms at 2022-01-07 00:00:00.000
2022-01-06 22:53:04,271 INFO 41602 [Timer] /Users/apple/workspace/everylink/vmchain-watcher/node_modules/egg-logrotator/app/schedule/rotate_by_file.js next time will execute after 4016729ms at 2022-01-07 00:00:01.000
2022-01-06 22:53:35,273 INFO 41622 [egg-schedule]: register schedule /Users/apple/workspace/everylink/vmchain-watcher/node_modules/egg-multipart/app/schedule/clean_tmpdir.js
2022-01-06 22:53:35,273 INFO 41622 [egg-schedule]: register schedule /Users/apple/workspace/everylink/vmchain-watcher/node_modules/egg-logrotator/app/schedule/clean_log.js
2022-01-06 22:53:35,274 INFO 41622 [egg-schedule]: register schedule /Users/apple/workspace/everylink/vmchain-watcher/node_modules/egg-logrotator/app/schedule/rotate_by_file.js
2022-01-06 22:56:58,902 INFO 41679 [egg-schedule]: register schedule /Users/apple/workspace/everylink/vmchain-watcher/node_modules/egg-multipart/app/schedule/clean_tmpdir.js
2022-01-06 22:56:58,902 INFO 41679 [egg-schedule]: register schedule /Users/apple/workspace/everylink/vmchain-watcher/node_modules/egg-logrotator/app/schedule/clean_log.js
2022-01-06 22:56:58,902 INFO 41679 [egg-schedule]: register schedule /Users/apple/workspace/everylink/vmchain-watcher/node_modules/egg-logrotator/app/schedule/rotate_by_file.js
2022-01-06 22:57:04,780 INFO 41688 [egg-schedule]: register schedule /Users/apple/workspace/everylink/vmchain-watcher/node_modules/egg-multipart/app/schedule/clean_tmpdir.js
2022-01-06 22:57:04,780 INFO 41688 [egg-schedule]: register schedule /Users/apple/workspace/everylink/vmchain-watcher/node_modules/egg-logrotator/app/schedule/clean_log.js
2022-01-06 22:57:04,781 INFO 41688 [egg-schedule]: register schedule /Users/apple/workspace/everylink/vmchain-watcher/node_modules/egg-logrotator/app/schedule/rotate_by_file.js
2022-01-06 22:58:31,769 INFO 41726 [egg-schedule]: register schedule /Users/apple/workspace/everylink/vmchain-watcher/node_modules/egg-multipart/app/schedule/clean_tmpdir.js
2022-01-06 22:58:31,769 INFO 41726 [egg-schedule]: register schedule /Users/apple/workspace/everylink/vmchain-watcher/node_modules/egg-logrotator/app/schedule/clean_log.js
2022-01-06 22:58:31,769 INFO 41726 [egg-schedule]: register schedule /Users/apple/workspace/everylink/vmchain-watcher/node_modules/egg-logrotator/app/schedule/rotate_by_file.js
2022-01-06 22:59:10,522 INFO 41747 [egg-schedule]: register schedule /Users/apple/workspace/everylink/vmchain-watcher/node_modules/egg-multipart/app/schedule/clean_tmpdir.js
2022-01-06 22:59:10,522 INFO 41747 [egg-schedule]: register schedule /Users/apple/workspace/everylink/vmchain-watcher/node_modules/egg-logrotator/app/schedule/clean_log.js
2022-01-06 22:59:10,523 INFO 41747 [egg-schedule]: register schedule /Users/apple/workspace/everylink/vmchain-watcher/node_modules/egg-logrotator/app/schedule/rotate_by_file.js
2022-01-06 23:00:01,172 INFO 41769 [egg-schedule]: register schedule /Users/apple/workspace/everylink/vmchain-watcher/node_modules/egg-multipart/app/schedule/clean_tmpdir.js
2022-01-06 23:00:01,172 INFO 41769 [egg-schedule]: register schedule /Users/apple/workspace/everylink/vmchain-watcher/node_modules/egg-logrotator/app/schedule/clean_log.js
2022-01-06 23:00:01,172 INFO 41769 [egg-schedule]: register schedule /Users/apple/workspace/everylink/vmchain-watcher/node_modules/egg-logrotator/app/schedule/rotate_by_file.js
2022-01-06 23:00:59,006 INFO 41791 [egg-schedule]: register schedule /Users/apple/workspace/everylink/vmchain-watcher/node_modules/egg-multipart/app/schedule/clean_tmpdir.js
2022-01-06 23:00:59,006 INFO 41791 [egg-schedule]: register schedule /Users/apple/workspace/everylink/vmchain-watcher/node_modules/egg-logrotator/app/schedule/clean_log.js
2022-01-06 23:00:59,006 INFO 41791 [egg-schedule]: register schedule /Users/apple/workspace/everylink/vmchain-watcher/node_modules/egg-logrotator/app/schedule/rotate_by_file.js
2022-01-06 23:02:40,556 INFO 41819 [egg-schedule]: register schedule /Users/apple/workspace/everylink/vmchain-watcher/node_modules/egg-multipart/app/schedule/clean_tmpdir.js
2022-01-06 23:02:40,556 INFO 41819 [egg-schedule]: register schedule /Users/apple/workspace/everylink/vmchain-watcher/node_modules/egg-logrotator/app/schedule/clean_log.js
2022-01-06 23:02:40,556 INFO 41819 [egg-schedule]: register schedule /Users/apple/workspace/everylink/vmchain-watcher/node_modules/egg-logrotator/app/schedule/rotate_by_file.js
2022-01-06 23:05:08,766 INFO 41856 [egg-schedule]: register schedule /Users/apple/workspace/everylink/vmchain-watcher/node_modules/egg-multipart/app/schedule/clean_tmpdir.js
2022-01-06 23:05:08,766 INFO 41856 [egg-schedule]: register schedule /Users/apple/workspace/everylink/vmchain-watcher/node_modules/egg-logrotator/app/schedule/clean_log.js
2022-01-06 23:05:08,766 INFO 41856 [egg-schedule]: register schedule /Users/apple/workspace/everylink/vmchain-watcher/node_modules/egg-logrotator/app/schedule/rotate_by_file.js
2022-01-06 23:06:14,809 INFO 41891 [egg-schedule]: register schedule /Users/apple/workspace/everylink/vmchain-watcher/node_modules/egg-multipart/app/schedule/clean_tmpdir.js
2022-01-06 23:06:14,809 INFO 41891 [egg-schedule]: register schedule /Users/apple/workspace/everylink/vmchain-watcher/node_modules/egg-logrotator/app/schedule/clean_log.js
2022-01-06 23:06:14,809 INFO 41891 [egg-schedule]: register schedule /Users/apple/workspace/everylink/vmchain-watcher/node_modules/egg-logrotator/app/schedule/rotate_by_file.js
2022-01-06 23:06:31,037 INFO 41907 [egg-schedule]: register schedule /Users/apple/workspace/everylink/vmchain-watcher/node_modules/egg-multipart/app/schedule/clean_tmpdir.js
2022-01-06 23:06:31,037 INFO 41907 [egg-schedule]: register schedule /Users/apple/workspace/everylink/vmchain-watcher/node_modules/egg-logrotator/app/schedule/clean_log.js
2022-01-06 23:06:31,037 INFO 41907 [egg-schedule]: register schedule /Users/apple/workspace/everylink/vmchain-watcher/node_modules/egg-logrotator/app/schedule/rotate_by_file.js
2022-01-06 23:07:30,867 INFO 41929 [egg-schedule]: register schedule /Users/apple/workspace/everylink/vmchain-watcher/node_modules/egg-multipart/app/schedule/clean_tmpdir.js
2022-01-06 23:07:30,867 INFO 41929 [egg-schedule]: register schedule /Users/apple/workspace/everylink/vmchain-watcher/node_modules/egg-logrotator/app/schedule/clean_log.js
2022-01-06 23:07:30,868 INFO 41929 [egg-schedule]: register schedule /Users/apple/workspace/everylink/vmchain-watcher/node_modules/egg-logrotator/app/schedule/rotate_by_file.js
2022-01-06 23:08:24,030 INFO 41955 [egg-schedule]: register schedule /Users/apple/workspace/everylink/vmchain-watcher/node_modules/egg-multipart/app/schedule/clean_tmpdir.js
2022-01-06 23:08:24,030 INFO 41955 [egg-schedule]: register schedule /Users/apple/workspace/everylink/vmchain-watcher/node_modules/egg-logrotator/app/schedule/clean_log.js
2022-01-06 23:08:24,030 INFO 41955 [egg-schedule]: register schedule /Users/apple/workspace/everylink/vmchain-watcher/node_modules/egg-logrotator/app/schedule/rotate_by_file.js
2022-01-06 23:11:36,383 INFO 41988 [egg-schedule]: register schedule /Users/apple/workspace/everylink/vmchain-watcher/node_modules/egg-multipart/app/schedule/clean_tmpdir.js
2022-01-06 23:11:36,383 INFO 41988 [egg-schedule]: register schedule /Users/apple/workspace/everylink/vmchain-watcher/node_modules/egg-logrotator/app/schedule/clean_log.js
2022-01-06 23:11:36,383 INFO 41988 [egg-schedule]: register schedule /Users/apple/workspace/everylink/vmchain-watcher/node_modules/egg-logrotator/app/schedule/rotate_by_file.js
2022-01-06 23:12:31,347 INFO 42010 [egg-schedule]: register schedule /Users/apple/workspace/everylink/vmchain-watcher/node_modules/egg-multipart/app/schedule/clean_tmpdir.js
2022-01-06 23:12:31,347 INFO 42010 [egg-schedule]: register schedule /Users/apple/workspace/everylink/vmchain-watcher/node_modules/egg-logrotator/app/schedule/clean_log.js
2022-01-06 23:12:31,347 INFO 42010 [egg-schedule]: register schedule /Users/apple/workspace/everylink/vmchain-watcher/node_modules/egg-logrotator/app/schedule/rotate_by_file.js
2022-01-06 23:13:42,127 INFO 42048 [egg-schedule]: register schedule /Users/apple/workspace/everylink/vmchain-watcher/node_modules/egg-multipart/app/schedule/clean_tmpdir.js
2022-01-06 23:13:42,127 INFO 42048 [egg-schedule]: register schedule /Users/apple/workspace/everylink/vmchain-watcher/node_modules/egg-logrotator/app/schedule/clean_log.js
2022-01-06 23:13:42,127 INFO 42048 [egg-schedule]: register schedule /Users/apple/workspace/everylink/vmchain-watcher/node_modules/egg-logrotator/app/schedule/rotate_by_file.js
2022-01-06 23:14:23,749 INFO 42074 [egg-schedule]: register schedule /Users/apple/workspace/everylink/vmchain-watcher/node_modules/egg-multipart/app/schedule/clean_tmpdir.js
2022-01-06 23:14:23,749 INFO 42074 [egg-schedule]: register schedule /Users/apple/workspace/everylink/vmchain-watcher/node_modules/egg-logrotator/app/schedule/clean_log.js
2022-01-06 23:14:23,749 INFO 42074 [egg-schedule]: register schedule /Users/apple/workspace/everylink/vmchain-watcher/node_modules/egg-logrotator/app/schedule/rotate_by_file.js
2022-01-06 23:15:14,711 INFO 42103 [egg-schedule]: register schedule /Users/apple/workspace/everylink/vmchain-watcher/node_modules/egg-multipart/app/schedule/clean_tmpdir.js
2022-01-06 23:15:14,711 INFO 42103 [egg-schedule]: register schedule /Users/apple/workspace/everylink/vmchain-watcher/node_modules/egg-logrotator/app/schedule/clean_log.js
2022-01-06 23:15:14,711 INFO 42103 [egg-schedule]: register schedule /Users/apple/workspace/everylink/vmchain-watcher/node_modules/egg-logrotator/app/schedule/rotate_by_file.js
2022-01-06 23:24:48,841 INFO 42275 [egg-schedule]: register schedule /Users/apple/workspace/everylink/vmchain-watcher/node_modules/egg-multipart/app/schedule/clean_tmpdir.js
2022-01-06 23:24:48,841 INFO 42275 [egg-schedule]: register schedule /Users/apple/workspace/everylink/vmchain-watcher/node_modules/egg-logrotator/app/schedule/clean_log.js
2022-01-06 23:24:48,842 INFO 42275 [egg-schedule]: register schedule /Users/apple/workspace/everylink/vmchain-watcher/node_modules/egg-logrotator/app/schedule/rotate_by_file.js
2022-01-06 23:29:58,729 INFO 42386 [egg-schedule]: register schedule /Users/apple/workspace/everylink/vmchain-watcher/node_modules/egg-multipart/app/schedule/clean_tmpdir.js
2022-01-06 23:29:58,729 INFO 42386 [egg-schedule]: register schedule /Users/apple/workspace/everylink/vmchain-watcher/node_modules/egg-logrotator/app/schedule/clean_log.js
2022-01-06 23:29:58,729 INFO 42386 [egg-schedule]: register schedule /Users/apple/workspace/everylink/vmchain-watcher/node_modules/egg-logrotator/app/schedule/rotate_by_file.js
2022-01-06 23:29:59,625 INFO 42382 [Timer] /Users/apple/workspace/everylink/vmchain-watcher/node_modules/egg-multipart/app/schedule/clean_tmpdir.js next time will execute after 18000378ms at 2022-01-07 04:30:00.003
2022-01-06 23:29:59,625 INFO 42382 [Timer] /Users/apple/workspace/everylink/vmchain-watcher/node_modules/egg-logrotator/app/schedule/clean_log.js next time will execute after 1800375ms at 2022-01-07 00:00:00.000
2022-01-06 23:29:59,626 INFO 42382 [Timer] /Users/apple/workspace/everylink/vmchain-watcher/node_modules/egg-logrotator/app/schedule/rotate_by_file.js next time will execute after 1801374ms at 2022-01-07 00:00:01.000
2022-01-06 23:30:55,547 INFO 42406 [egg-schedule]: register schedule /Users/apple/workspace/everylink/vmchain-watcher/node_modules/egg-multipart/app/schedule/clean_tmpdir.js
2022-01-06 23:30:55,547 INFO 42406 [egg-schedule]: register schedule /Users/apple/workspace/everylink/vmchain-watcher/node_modules/egg-logrotator/app/schedule/clean_log.js
2022-01-06 23:30:55,547 INFO 42406 [egg-schedule]: register schedule /Users/apple/workspace/everylink/vmchain-watcher/node_modules/egg-logrotator/app/schedule/rotate_by_file.js
2022-01-06 23:31:28,123 INFO 42428 [egg-schedule]: register schedule /Users/apple/workspace/everylink/vmchain-watcher/node_modules/egg-multipart/app/schedule/clean_tmpdir.js
2022-01-06 23:31:28,123 INFO 42428 [egg-schedule]: register schedule /Users/apple/workspace/everylink/vmchain-watcher/node_modules/egg-logrotator/app/schedule/clean_log.js
2022-01-06 23:31:28,124 INFO 42428 [egg-schedule]: register schedule /Users/apple/workspace/everylink/vmchain-watcher/node_modules/egg-logrotator/app/schedule/rotate_by_file.js
2022-01-06 23:32:10,955 INFO 42439 [egg-schedule]: register schedule /Users/apple/workspace/everylink/vmchain-watcher/node_modules/egg-multipart/app/schedule/clean_tmpdir.js
2022-01-06 23:32:10,955 INFO 42439 [egg-schedule]: register schedule /Users/apple/workspace/everylink/vmchain-watcher/node_modules/egg-logrotator/app/schedule/clean_log.js
2022-01-06 23:32:10,956 INFO 42439 [egg-schedule]: register schedule /Users/apple/workspace/everylink/vmchain-watcher/node_modules/egg-logrotator/app/schedule/rotate_by_file.js
2022-01-06 23:32:27,507 INFO 42454 [egg-schedule]: register schedule /Users/apple/workspace/everylink/vmchain-watcher/node_modules/egg-multipart/app/schedule/clean_tmpdir.js
2022-01-06 23:32:27,507 INFO 42454 [egg-schedule]: register schedule /Users/apple/workspace/everylink/vmchain-watcher/node_modules/egg-logrotator/app/schedule/clean_log.js
2022-01-06 23:32:27,508 INFO 42454 [egg-schedule]: register schedule /Users/apple/workspace/everylink/vmchain-watcher/node_modules/egg-logrotator/app/schedule/rotate_by_file.js
2022-01-06 23:33:10,741 INFO 42465 [egg-schedule]: register schedule /Users/apple/workspace/everylink/vmchain-watcher/node_modules/egg-multipart/app/schedule/clean_tmpdir.js
2022-01-06 23:33:10,741 INFO 42465 [egg-schedule]: register schedule /Users/apple/workspace/everylink/vmchain-watcher/node_modules/egg-logrotator/app/schedule/clean_log.js
2022-01-06 23:33:10,741 INFO 42465 [egg-schedule]: register schedule /Users/apple/workspace/everylink/vmchain-watcher/node_modules/egg-logrotator/app/schedule/rotate_by_file.js
2022-01-06 23:33:33,791 INFO 42485 [egg-schedule]: register schedule /Users/apple/workspace/everylink/vmchain-watcher/node_modules/egg-multipart/app/schedule/clean_tmpdir.js
2022-01-06 23:33:33,791 INFO 42485 [egg-schedule]: register schedule /Users/apple/workspace/everylink/vmchain-watcher/node_modules/egg-logrotator/app/schedule/clean_log.js
2022-01-06 23:33:33,791 INFO 42485 [egg-schedule]: register schedule /Users/apple/workspace/everylink/vmchain-watcher/node_modules/egg-logrotator/app/schedule/rotate_by_file.js
2022-01-06 23:36:08,226 INFO 42506 [egg-schedule]: register schedule /Users/apple/workspace/everylink/vmchain-watcher/node_modules/egg-multipart/app/schedule/clean_tmpdir.js
2022-01-06 23:36:08,226 INFO 42506 [egg-schedule]: register schedule /Users/apple/workspace/everylink/vmchain-watcher/node_modules/egg-logrotator/app/schedule/clean_log.js
2022-01-06 23:36:08,227 INFO 42506 [egg-schedule]: register schedule /Users/apple/workspace/everylink/vmchain-watcher/node_modules/egg-logrotator/app/schedule/rotate_by_file.js
2022-01-06 23:36:28,259 INFO 42525 [egg-schedule]: register schedule /Users/apple/workspace/everylink/vmchain-watcher/node_modules/egg-multipart/app/schedule/clean_tmpdir.js
2022-01-06 23:36:28,259 INFO 42525 [egg-schedule]: register schedule /Users/apple/workspace/everylink/vmchain-watcher/node_modules/egg-logrotator/app/schedule/clean_log.js
2022-01-06 23:36:28,259 INFO 42525 [egg-schedule]: register schedule /Users/apple/workspace/everylink/vmchain-watcher/node_modules/egg-logrotator/app/schedule/rotate_by_file.js
2022-01-06 23:37:06,536 INFO 42551 [egg-schedule]: register schedule /Users/apple/workspace/everylink/vmchain-watcher/node_modules/egg-multipart/app/schedule/clean_tmpdir.js
2022-01-06 23:37:06,536 INFO 42551 [egg-schedule]: register schedule /Users/apple/workspace/everylink/vmchain-watcher/node_modules/egg-logrotator/app/schedule/clean_log.js
2022-01-06 23:37:06,536 INFO 42551 [egg-schedule]: register schedule /Users/apple/workspace/everylink/vmchain-watcher/node_modules/egg-logrotator/app/schedule/rotate_by_file.js
2022-01-06 23:38:52,410 INFO 42592 [egg-schedule]: register schedule /Users/apple/workspace/everylink/vmchain-watcher/node_modules/egg-multipart/app/schedule/clean_tmpdir.js
2022-01-06 23:38:52,410 INFO 42592 [egg-schedule]: register schedule /Users/apple/workspace/everylink/vmchain-watcher/node_modules/egg-logrotator/app/schedule/clean_log.js
2022-01-06 23:38:52,410 INFO 42592 [egg-schedule]: register schedule /Users/apple/workspace/everylink/vmchain-watcher/node_modules/egg-logrotator/app/schedule/rotate_by_file.js
2022-01-06 23:39:03,592 INFO 42607 [egg-schedule]: register schedule /Users/apple/workspace/everylink/vmchain-watcher/node_modules/egg-multipart/app/schedule/clean_tmpdir.js
2022-01-06 23:39:03,592 INFO 42607 [egg-schedule]: register schedule /Users/apple/workspace/everylink/vmchain-watcher/node_modules/egg-logrotator/app/schedule/clean_log.js
2022-01-06 23:39:03,592 INFO 42607 [egg-schedule]: register schedule /Users/apple/workspace/everylink/vmchain-watcher/node_modules/egg-logrotator/app/schedule/rotate_by_file.js
2022-01-06 23:39:46,774 INFO 42619 [egg-schedule]: register schedule /Users/apple/workspace/everylink/vmchain-watcher/node_modules/egg-multipart/app/schedule/clean_tmpdir.js
2022-01-06 23:39:46,774 INFO 42619 [egg-schedule]: register schedule /Users/apple/workspace/everylink/vmchain-watcher/node_modules/egg-logrotator/app/schedule/clean_log.js
2022-01-06 23:39:46,774 INFO 42619 [egg-schedule]: register schedule /Users/apple/workspace/everylink/vmchain-watcher/node_modules/egg-logrotator/app/schedule/rotate_by_file.js
2022-01-06 23:39:53,046 INFO 42628 [egg-schedule]: register schedule /Users/apple/workspace/everylink/vmchain-watcher/node_modules/egg-multipart/app/schedule/clean_tmpdir.js
2022-01-06 23:39:53,046 INFO 42628 [egg-schedule]: register schedule /Users/apple/workspace/everylink/vmchain-watcher/node_modules/egg-logrotator/app/schedule/clean_log.js
2022-01-06 23:39:53,047 INFO 42628 [egg-schedule]: register schedule /Users/apple/workspace/everylink/vmchain-watcher/node_modules/egg-logrotator/app/schedule/rotate_by_file.js
2022-01-06 23:40:17,709 INFO 42645 [egg-schedule]: register schedule /Users/apple/workspace/everylink/vmchain-watcher/node_modules/egg-multipart/app/schedule/clean_tmpdir.js
2022-01-06 23:40:17,709 INFO 42645 [egg-schedule]: register schedule /Users/apple/workspace/everylink/vmchain-watcher/node_modules/egg-logrotator/app/schedule/clean_log.js
2022-01-06 23:40:17,709 INFO 42645 [egg-schedule]: register schedule /Users/apple/workspace/everylink/vmchain-watcher/node_modules/egg-logrotator/app/schedule/rotate_by_file.js
2022-01-06 23:41:20,459 INFO 42671 [egg-schedule]: register schedule /Users/apple/workspace/everylink/vmchain-watcher/node_modules/egg-multipart/app/schedule/clean_tmpdir.js
2022-01-06 23:41:20,459 INFO 42671 [egg-schedule]: register schedule /Users/apple/workspace/everylink/vmchain-watcher/node_modules/egg-logrotator/app/schedule/clean_log.js
2022-01-06 23:41:20,459 INFO 42671 [egg-schedule]: register schedule /Users/apple/workspace/everylink/vmchain-watcher/node_modules/egg-logrotator/app/schedule/rotate_by_file.js
2022-01-06 23:42:02,609 INFO 42698 [egg-schedule]: register schedule /Users/apple/workspace/everylink/vmchain-watcher/node_modules/egg-multipart/app/schedule/clean_tmpdir.js
2022-01-06 23:42:02,611 INFO 42698 [egg-schedule]: register schedule /Users/apple/workspace/everylink/vmchain-watcher/node_modules/egg-logrotator/app/schedule/clean_log.js
2022-01-06 23:42:02,611 INFO 42698 [egg-schedule]: register schedule /Users/apple/workspace/everylink/vmchain-watcher/node_modules/egg-logrotator/app/schedule/rotate_by_file.js
2022-01-06 23:42:47,320 INFO 42719 [egg-schedule]: register schedule /Users/apple/workspace/everylink/vmchain-watcher/node_modules/egg-multipart/app/schedule/clean_tmpdir.js
2022-01-06 23:42:47,320 INFO 42719 [egg-schedule]: register schedule /Users/apple/workspace/everylink/vmchain-watcher/node_modules/egg-logrotator/app/schedule/clean_log.js
2022-01-06 23:42:47,320 INFO 42719 [egg-schedule]: register schedule /Users/apple/workspace/everylink/vmchain-watcher/node_modules/egg-logrotator/app/schedule/rotate_by_file.js
2022-01-06 23:43:21,914 INFO 42748 [egg-schedule]: register schedule /Users/apple/workspace/everylink/vmchain-watcher/node_modules/egg-multipart/app/schedule/clean_tmpdir.js
2022-01-06 23:43:21,914 INFO 42748 [egg-schedule]: register schedule /Users/apple/workspace/everylink/vmchain-watcher/node_modules/egg-logrotator/app/schedule/clean_log.js
2022-01-06 23:43:21,914 INFO 42748 [egg-schedule]: register schedule /Users/apple/workspace/everylink/vmchain-watcher/node_modules/egg-logrotator/app/schedule/rotate_by_file.js
2022-01-06 23:43:40,612 INFO 42767 [egg-schedule]: register schedule /Users/apple/workspace/everylink/vmchain-watcher/node_modules/egg-multipart/app/schedule/clean_tmpdir.js
2022-01-06 23:43:40,612 INFO 42767 [egg-schedule]: register schedule /Users/apple/workspace/everylink/vmchain-watcher/node_modules/egg-logrotator/app/schedule/clean_log.js
2022-01-06 23:43:40,612 INFO 42767 [egg-schedule]: register schedule /Users/apple/workspace/everylink/vmchain-watcher/node_modules/egg-logrotator/app/schedule/rotate_by_file.js
2022-01-06 23:44:24,567 INFO 42783 [egg-schedule]: register schedule /Users/apple/workspace/everylink/vmchain-watcher/node_modules/egg-multipart/app/schedule/clean_tmpdir.js
2022-01-06 23:44:24,567 INFO 42783 [egg-schedule]: register schedule /Users/apple/workspace/everylink/vmchain-watcher/node_modules/egg-logrotator/app/schedule/clean_log.js
2022-01-06 23:44:24,567 INFO 42783 [egg-schedule]: register schedule /Users/apple/workspace/everylink/vmchain-watcher/node_modules/egg-logrotator/app/schedule/rotate_by_file.js
2022-01-06 23:45:09,259 INFO 42803 [egg-schedule]: register schedule /Users/apple/workspace/everylink/vmchain-watcher/node_modules/egg-multipart/app/schedule/clean_tmpdir.js
2022-01-06 23:45:09,259 INFO 42803 [egg-schedule]: register schedule /Users/apple/workspace/everylink/vmchain-watcher/node_modules/egg-logrotator/app/schedule/clean_log.js
2022-01-06 23:45:09,259 INFO 42803 [egg-schedule]: register schedule /Users/apple/workspace/everylink/vmchain-watcher/node_modules/egg-logrotator/app/schedule/rotate_by_file.js
2022-01-06 23:46:19,761 INFO 42827 [egg-schedule]: register schedule /Users/apple/workspace/everylink/vmchain-watcher/node_modules/egg-multipart/app/schedule/clean_tmpdir.js
2022-01-06 23:46:19,761 INFO 42827 [egg-schedule]: register schedule /Users/apple/workspace/everylink/vmchain-watcher/node_modules/egg-logrotator/app/schedule/clean_log.js
2022-01-06 23:46:19,762 INFO 42827 [egg-schedule]: register schedule /Users/apple/workspace/everylink/vmchain-watcher/node_modules/egg-logrotator/app/schedule/rotate_by_file.js
2022-01-06 23:46:35,062 INFO 42829 [egg-schedule]: register schedule /Users/apple/workspace/everylink/vmchain-watcher/node_modules/egg-multipart/app/schedule/clean_tmpdir.js
2022-01-06 23:46:35,062 INFO 42829 [egg-schedule]: register schedule /Users/apple/workspace/everylink/vmchain-watcher/node_modules/egg-logrotator/app/schedule/clean_log.js
2022-01-06 23:46:35,063 INFO 42829 [egg-schedule]: register schedule /Users/apple/workspace/everylink/vmchain-watcher/node_modules/egg-logrotator/app/schedule/rotate_by_file.js
2022-01-06 23:46:49,562 INFO 42840 [egg-schedule]: register schedule /Users/apple/workspace/everylink/vmchain-watcher/node_modules/egg-multipart/app/schedule/clean_tmpdir.js
2022-01-06 23:46:49,562 INFO 42840 [egg-schedule]: register schedule /Users/apple/workspace/everylink/vmchain-watcher/node_modules/egg-logrotator/app/schedule/clean_log.js
2022-01-06 23:46:49,562 INFO 42840 [egg-schedule]: register schedule /Users/apple/workspace/everylink/vmchain-watcher/node_modules/egg-logrotator/app/schedule/rotate_by_file.js
2022-01-06 23:47:00,788 INFO 42847 [egg-schedule]: register schedule /Users/apple/workspace/everylink/vmchain-watcher/node_modules/egg-multipart/app/schedule/clean_tmpdir.js
2022-01-06 23:47:00,788 INFO 42847 [egg-schedule]: register schedule /Users/apple/workspace/everylink/vmchain-watcher/node_modules/egg-logrotator/app/schedule/clean_log.js
2022-01-06 23:47:00,789 INFO 42847 [egg-schedule]: register schedule /Users/apple/workspace/everylink/vmchain-watcher/node_modules/egg-logrotator/app/schedule/rotate_by_file.js
2022-01-06 23:47:04,779 INFO 42857 [egg-schedule]: register schedule /Users/apple/workspace/everylink/vmchain-watcher/node_modules/egg-multipart/app/schedule/clean_tmpdir.js
2022-01-06 23:47:04,779 INFO 42857 [egg-schedule]: register schedule /Users/apple/workspace/everylink/vmchain-watcher/node_modules/egg-logrotator/app/schedule/clean_log.js
2022-01-06 23:47:04,780 INFO 42857 [egg-schedule]: register schedule /Users/apple/workspace/everylink/vmchain-watcher/node_modules/egg-logrotator/app/schedule/rotate_by_file.js
2022-01-06 23:47:12,781 INFO 42865 [egg-schedule]: register schedule /Users/apple/workspace/everylink/vmchain-watcher/node_modules/egg-multipart/app/schedule/clean_tmpdir.js
2022-01-06 23:47:12,781 INFO 42865 [egg-schedule]: register schedule /Users/apple/workspace/everylink/vmchain-watcher/node_modules/egg-logrotator/app/schedule/clean_log.js
2022-01-06 23:47:12,781 INFO 42865 [egg-schedule]: register schedule /Users/apple/workspace/everylink/vmchain-watcher/node_modules/egg-logrotator/app/schedule/rotate_by_file.js
2022-01-07 00:00:00,093 INFO 42382 [Timer] /Users/apple/workspace/everylink/vmchain-watcher/node_modules/egg-logrotator/app/schedule/clean_log.js next time will execute after 86399913ms at 2022-01-08 00:00:00.006
2022-01-07 00:00:01,085 INFO 42382 [Timer] /Users/apple/workspace/everylink/vmchain-watcher/node_modules/egg-logrotator/app/schedule/rotate_by_file.js next time will execute after 86399916ms at 2022-01-08 00:00:01.001
2022-01-07 04:32:20,734 INFO 42382 [Timer] /Users/apple/workspace/everylink/vmchain-watcher/node_modules/egg-multipart/app/schedule/clean_tmpdir.js next time will execute after 86259272ms at 2022-01-08 04:30:00.006
